  Simulator.cpp
C:\Users\hamsi\Desktop\TemplateProject\LogicSimulator\Simulator.cpp(33,33): warning C4244: 'argument': conversion from 'int' to 'float', possible loss of data
C:\Users\hamsi\Desktop\TemplateProject\LogicSimulator\Simulator.cpp(58,56): warning C4244: 'argument': conversion from 'int' to 'T', possible loss of data
          with
          [
              T=float
          ]
C:\Users\hamsi\Desktop\TemplateProject\LogicSimulator\Simulator.cpp(58,49): warning C4244: 'argument': conversion from 'int' to 'T', possible loss of data
          with
          [
              T=float
          ]
C:\Users\hamsi\Desktop\TemplateProject\LogicSimulator\Simulator.cpp(99,31): warning C4244: 'argument': conversion from 'int' to 'T', possible loss of data
          with
          [
              T=float
          ]
C:\Users\hamsi\Desktop\TemplateProject\LogicSimulator\Simulator.cpp(99,23): warning C4244: 'argument': conversion from 'int' to 'T', possible loss of data
          with
          [
              T=float
          ]
C:\Users\hamsi\Desktop\TemplateProject\LogicSimulator\Simulator.cpp(178,39): warning C4244: 'argument': conversion from 'int' to 'float', possible loss of data
  LogicSimulator.vcxproj -> C:\Users\hamsi\Desktop\TemplateProject\Debug\LogicSimulator.exe
